0 info it worked if it ends with ok
1 verbose cli [ '/usr/bin/node', '/usr/bin/npm', 'install', '-g', 'lodash' ]
2 info using npm@1.4.28
3 info using node@v0.10.36
4 verbose node symlink /usr/bin/node
5 verbose cache add [ 'lodash', null ]
6 verbose cache add name=undefined spec="lodash" args=["lodash",null]
7 verbose parsed url { protocol: null,
7 verbose parsed url   slashes: null,
7 verbose parsed url   auth: null,
7 verbose parsed url   host: null,
7 verbose parsed url   port: null,
7 verbose parsed url   hostname: null,
7 verbose parsed url   hash: null,
7 verbose parsed url   search: null,
7 verbose parsed url   query: null,
7 verbose parsed url   pathname: 'lodash',
7 verbose parsed url   path: 'lodash',
7 verbose parsed url   href: 'lodash' }
8 silly lockFile 901466a5-lodash lodash
9 verbose lock lodash /home/nikita/.npm/901466a5-lodash.lock
10 silly lockFile 901466a5-lodash lodash
11 silly lockFile 901466a5-lodash lodash
12 verbose addNamed [ 'lodash', '' ]
13 verbose addNamed [ null, '*' ]
14 silly lockFile f856e425-lodash lodash@
15 verbose lock lodash@ /home/nikita/.npm/f856e425-lodash.lock
16 silly addNameRange { name: 'lodash', range: '*', hasData: false }
17 verbose request where is /lodash
18 verbose request registry https://registry.npmjs.org/
19 verbose request id d35ecd702dc7c4df
20 verbose url raw /lodash
21 verbose url resolving [ 'https://registry.npmjs.org/', './lodash' ]
22 verbose url resolved https://registry.npmjs.org/lodash
23 verbose request where is https://registry.npmjs.org/lodash
24 info trying registry request attempt 1 at 17:47:46
25 verbose etag "4631J5WV8FJE4HPD9TAVWOP2U"
26 http GET https://registry.npmjs.org/lodash
27 http 304 https://registry.npmjs.org/lodash
28 silly registry.get cb [ 304,
28 silly registry.get   { date: 'Mon, 06 Apr 2015 12:18:06 GMT',
28 silly registry.get     server: 'Apache',
28 silly registry.get     via: '1.1 varnish',
28 silly registry.get     'last-modified': 'Mon, 06 Apr 2015 12:18:06 GMT',
28 silly registry.get     'cache-control': 'max-age=60',
28 silly registry.get     etag: '"4631J5WV8FJE4HPD9TAVWOP2U"',
28 silly registry.get     age: '36',
28 silly registry.get     'x-served-by': 'cache-iad2130-IAD',
28 silly registry.get     'x-cache': 'HIT',
28 silly registry.get     'x-cache-hits': '1',
28 silly registry.get     'x-timer': 'S1428322686.045643,VS0,VE0',
28 silly registry.get     vary: 'Accept',
28 silly registry.get     'content-length': '0',
28 silly registry.get     'keep-alive': 'timeout=10, max=50',
28 silly registry.get     connection: 'Keep-Alive' } ]
29 verbose etag https://registry.npmjs.org/lodash from cache
30 silly addNameRange number 2 { name: 'lodash', range: '*', hasData: true }
31 silly addNameRange versions [ 'lodash',
31 silly addNameRange   [ '0.1.0',
31 silly addNameRange     '0.2.0',
31 silly addNameRange     '0.2.1',
31 silly addNameRange     '0.2.2',
31 silly addNameRange     '0.3.0',
31 silly addNameRange     '0.3.1',
31 silly addNameRange     '0.3.2',
31 silly addNameRange     '0.4.0',
31 silly addNameRange     '0.4.1',
31 silly addNameRange     '0.4.2',
31 silly addNameRange     '0.5.0-rc.1',
31 silly addNameRange     '0.5.0',
31 silly addNameRange     '0.5.1',
31 silly addNameRange     '0.5.2',
31 silly addNameRange     '0.6.0',
31 silly addNameRange     '0.6.1',
31 silly addNameRange     '0.7.0',
31 silly addNameRange     '0.8.0',
31 silly addNameRange     '0.8.1',
31 silly addNameRange     '0.8.2',
31 silly addNameRange     '0.9.0',
31 silly addNameRange     '0.9.1',
31 silly addNameRange     '0.9.2',
31 silly addNameRange     '0.10.0',
31 silly addNameRange     '1.0.0-rc.1',
31 silly addNameRange     '1.0.0-rc.2',
31 silly addNameRange     '1.0.0-rc.3',
31 silly addNameRange     '1.0.0',
31 silly addNameRange     '1.0.1',
31 silly addNameRange     '1.1.0',
31 silly addNameRange     '1.1.1',
31 silly addNameRange     '1.2.0',
31 silly addNameRange     '1.2.1',
31 silly addNameRange     '1.3.0',
31 silly addNameRange     '1.3.1',
31 silly addNameRange     '2.0.0',
31 silly addNameRange     '2.1.0',
31 silly addNameRange     '2.2.0',
31 silly addNameRange     '2.2.1',
31 silly addNameRange     '2.3.0',
31 silly addNameRange     '2.4.0',
31 silly addNameRange     '2.4.1',
31 silly addNameRange     '3.0.0',
31 silly addNameRange     '3.0.1',
31 silly addNameRange     '3.1.0',
31 silly addNameRange     '3.2.0',
31 silly addNameRange     '3.3.0',
31 silly addNameRange     '3.3.1',
31 silly addNameRange     '3.4.0',
31 silly addNameRange     '3.5.0',
31 silly addNameRange     '3.6.0',
31 silly addNameRange     '1.0.2' ] ]
32 verbose addNamed [ 'lodash', '3.6.0' ]
33 verbose addNamed [ '3.6.0', '3.6.0' ]
34 silly lockFile c203a9ef-lodash-3-6-0 lodash@3.6.0
35 verbose lock lodash@3.6.0 /home/nikita/.npm/c203a9ef-lodash-3-6-0.lock
36 silly lockFile c203a9ef-lodash-3-6-0 lodash@3.6.0
37 silly lockFile c203a9ef-lodash-3-6-0 lodash@3.6.0
38 silly lockFile f856e425-lodash lodash@
39 silly lockFile f856e425-lodash lodash@
40 silly resolved [ { name: 'lodash',
40 silly resolved     version: '3.6.0',
40 silly resolved     description: 'The modern build of lodash modular utilities.',
40 silly resolved     homepage: 'https://lodash.com/',
40 silly resolved     icon: 'https://lodash.com/icon.svg',
40 silly resolved     license: 'MIT',
40 silly resolved     main: 'index.js',
40 silly resolved     keywords: [ 'modules', 'stdlib', 'util' ],
40 silly resolved     author:
40 silly resolved      { name: 'John-David Dalton',
40 silly resolved        email: 'john.david.dalton@gmail.com',
40 silly resolved        url: 'http://allyoucanleet.com/' },
40 silly resolved     contributors: [ [Object], [Object], [Object], [Object], [Object] ],
40 silly resolved     repository: { type: 'git', url: 'https://github.com/lodash/lodash' },
40 silly resolved     scripts: { test: 'echo "See https://travis-ci.org/lodash/lodash-cli for testing details."' },
40 silly resolved     bugs: { url: 'https://github.com/lodash/lodash/issues' },
40 silly resolved     _id: 'lodash@3.6.0',
40 silly resolved     _shasum: '5266a8f49dd989be4f9f681b6f2a0c55285d0d9a',
40 silly resolved     _from: 'lodash@',
40 silly resolved     _npmVersion: '2.7.3',
40 silly resolved     _nodeVersion: '0.12.0',
40 silly resolved     _npmUser: { name: 'jdalton', email: 'john.david.dalton@gmail.com' },
40 silly resolved     maintainers: [ [Object], [Object], [Object], [Object], [Object] ],
40 silly resolved     dist:
40 silly resolved      { shasum: '5266a8f49dd989be4f9f681b6f2a0c55285d0d9a',
40 silly resolved        tarball: 'http://registry.npmjs.org/lodash/-/lodash-3.6.0.tgz' },
40 silly resolved     directories: {},
40 silly resolved     _resolved: 'https://registry.npmjs.org/lodash/-/lodash-3.6.0.tgz',
40 silly resolved     readme: 'ERROR: No README data found!' } ]
41 info install lodash@3.6.0 into /usr/lib
42 info installOne lodash@3.6.0
43 verbose lib/node_modules/lodash unbuild
44 verbose tar unpack /home/nikita/.npm/lodash/3.6.0/package.tgz
45 silly lockFile 7bc54d94-tar-usr-lib-node-modules-lodash tar:///usr/lib/node_modules/lodash
46 verbose lock tar:///usr/lib/node_modules/lodash /home/nikita/.npm/7bc54d94-tar-usr-lib-node-modules-lodash.lock
47 silly lockFile c7022c92-ita-npm-lodash-3-6-0-package-tgz tar:///home/nikita/.npm/lodash/3.6.0/package.tgz
48 verbose lock tar:///home/nikita/.npm/lodash/3.6.0/package.tgz /home/nikita/.npm/c7022c92-ita-npm-lodash-3-6-0-package-tgz.lock
49 silly gunzTarPerm modes [ '775', '664' ]
50 error Error: EACCES, mkdir '/usr/lib/node_modules/lodash'
50 error  { [Error: EACCES, mkdir '/usr/lib/node_modules/lodash']
50 error   errno: 3,
50 error   code: 'EACCES',
50 error   path: '/usr/lib/node_modules/lodash',
50 error   fstream_type: 'Directory',
50 error   fstream_path: '/usr/lib/node_modules/lodash',
50 error   fstream_class: 'DirWriter',
50 error   fstream_stack:
50 error    [ '/usr/lib/node_modules/npm/node_modules/fstream/lib/dir-writer.js:36:23',
50 error      '/usr/lib/node_modules/npm/node_modules/mkdirp/index.js:46:53',
50 error      'Object.oncomplete (fs.js:108:15)' ] }
51 error Please try running this command again as root/Administrator.
52 error System Linux 3.13.0-35-generic
53 error command "/usr/bin/node" "/usr/bin/npm" "install" "-g" "lodash"
54 error cwd /home/nikita/railsapi-angular-seed/client
55 error node -v v0.10.36
56 error npm -v 1.4.28
57 error path /usr/lib/node_modules/lodash
58 error fstream_path /usr/lib/node_modules/lodash
59 error fstream_type Directory
60 error fstream_class DirWriter
61 error code EACCES
62 error errno 3
63 error stack Error: EACCES, mkdir '/usr/lib/node_modules/lodash'
64 error fstream_stack /usr/lib/node_modules/npm/node_modules/fstream/lib/dir-writer.js:36:23
64 error fstream_stack /usr/lib/node_modules/npm/node_modules/mkdirp/index.js:46:53
64 error fstream_stack Object.oncomplete (fs.js:108:15)
65 verbose exit [ 3, true ]
